<?xml version="1.0" encoding="UTF-8"?>
<robot generator="Robot 4.1.2 (Python 3.9.7 on win32)" generated="20211124 12:19:48.977" rpa="false" schemaversion="2">
<suite id="s1" name="Registration Test" source="C:\Users\FUKFIX\Documents\SV&amp;V\vaccine-web-tests\test\registration_test.robot">
<kw name="Log To Console" library="BuiltIn" type="SETUP">
<arg>Hello World</arg>
<doc>Logs the given message to the console.</doc>
<status status="PASS" starttime="20211124 12:19:49.136" endtime="20211124 12:19:49.136"/>
</kw>
<test id="s1-t1" name="Try to open signup page">
<kw name="Run Keywords" library="BuiltIn" type="SETUP">
<arg>Open Browser</arg>
<arg>${BASE_URL}</arg>
<arg>${BROWSER}</arg>
<arg>AND</arg>
<arg>Log to console</arg>
<arg>${MESSAGE}</arg>
<doc>Executes all the given keywords in a sequence.</doc>
<kw name="Open Browser" library="Selenium2Library">
<arg>${BASE_URL}</arg>
<arg>${BROWSER}</arg>
<doc>Opens a new browser instance to the optional ``url``.</doc>
<msg timestamp="20211124 12:19:49.137" level="INFO">Opening browser 'gc' to base url 'https://service-taker.vercel.app/login'.</msg>
<status status="PASS" starttime="20211124 12:19:49.137" endtime="20211124 12:19:50.495"/>
</kw>
<kw name="Log To Console" library="BuiltIn">
<arg>${MESSAGE}</arg>
<doc>Logs the given message to the console.</doc>
<status status="PASS" starttime="20211124 12:19:50.495" endtime="20211124 12:19:50.496"/>
</kw>
<status status="PASS" starttime="20211124 12:19:49.137" endtime="20211124 12:19:50.496"/>
</kw>
<kw name="Go to">
<arg>${BASE_URL}</arg>
<kw name="Open Browser" library="Selenium2Library">
<arg>${wanted_url}</arg>
<arg>${BROWSER}</arg>
<doc>Opens a new browser instance to the optional ``url``.</doc>
<msg timestamp="20211124 12:19:50.496" level="INFO">Opening browser 'gc' to base url 'https://service-taker.vercel.app/login'.</msg>
<status status="PASS" starttime="20211124 12:19:50.496" endtime="20211124 12:19:51.873"/>
</kw>
<kw name="Set Selenium Speed" library="Selenium2Library">
<arg>0.3</arg>
<doc>Sets the delay that is waited after each Selenium command.</doc>
<status status="PASS" starttime="20211124 12:19:51.873" endtime="20211124 12:19:51.873"/>
</kw>
<status status="PASS" starttime="20211124 12:19:50.496" endtime="20211124 12:19:51.873"/>
</kw>
<kw name="Click Button" library="Selenium2Library">
<arg>identifier=signup-btn</arg>
<doc>Clicks the button identified by ``locator``.</doc>
<msg timestamp="20211124 12:19:51.874" level="INFO">Clicking button 'identifier=signup-btn'.</msg>
<status status="PASS" starttime="20211124 12:19:51.874" endtime="20211124 12:19:53.774"/>
</kw>
<kw name="Page Should Be Open">
<arg>${SIGNUP_URL}</arg>
<kw name="Location Should Be" library="Selenium2Library">
<arg>${wanted_url}</arg>
<doc>Verifies that the current URL is exactly ``url``.</doc>
<msg timestamp="20211124 12:19:54.084" level="INFO">Current location is 'https://service-taker.vercel.app/signup'.</msg>
<status status="PASS" starttime="20211124 12:19:53.775" endtime="20211124 12:19:54.084"/>
</kw>
<status status="PASS" starttime="20211124 12:19:53.775" endtime="20211124 12:19:54.084"/>
</kw>
<kw name="Close All Browsers" library="Selenium2Library" type="TEARDOWN">
<doc>Closes all open browsers and resets the browser cache.</doc>
<status status="PASS" starttime="20211124 12:19:54.085" endtime="20211124 12:19:58.772"/>
</kw>
<status status="PASS" starttime="20211124 12:19:49.136" endtime="20211124 12:19:58.772"/>
</test>
<test id="s1-t2" name="Input Register Information">
<kw name="Run Keywords" library="BuiltIn" type="SETUP">
<arg>Open Browser</arg>
<arg>${BASE_URL}</arg>
<arg>${BROWSER}</arg>
<arg>AND</arg>
<arg>Log to console</arg>
<arg>${MESSAGE}</arg>
<doc>Executes all the given keywords in a sequence.</doc>
<kw name="Open Browser" library="Selenium2Library">
<arg>${BASE_URL}</arg>
<arg>${BROWSER}</arg>
<doc>Opens a new browser instance to the optional ``url``.</doc>
<msg timestamp="20211124 12:19:58.774" level="INFO">Opening browser 'gc' to base url 'https://service-taker.vercel.app/login'.</msg>
<status status="PASS" starttime="20211124 12:19:58.774" endtime="20211124 12:20:00.396"/>
</kw>
<kw name="Log To Console" library="BuiltIn">
<arg>${MESSAGE}</arg>
<doc>Logs the given message to the console.</doc>
<status status="PASS" starttime="20211124 12:20:00.396" endtime="20211124 12:20:00.396"/>
</kw>
<status status="PASS" starttime="20211124 12:19:58.774" endtime="20211124 12:20:00.396"/>
</kw>
<kw name="Go to">
<arg>${SIGNUP_URL}</arg>
<kw name="Open Browser" library="Selenium2Library">
<arg>${wanted_url}</arg>
<arg>${BROWSER}</arg>
<doc>Opens a new browser instance to the optional ``url``.</doc>
<msg timestamp="20211124 12:20:00.397" level="INFO">Opening browser 'gc' to base url 'https://service-taker.vercel.app/signup'.</msg>
<status status="PASS" starttime="20211124 12:20:00.397" endtime="20211124 12:20:02.022"/>
</kw>
<kw name="Set Selenium Speed" library="Selenium2Library">
<arg>0.3</arg>
<doc>Sets the delay that is waited after each Selenium command.</doc>
<status status="PASS" starttime="20211124 12:20:02.022" endtime="20211124 12:20:02.022"/>
</kw>
<status status="PASS" starttime="20211124 12:20:00.397" endtime="20211124 12:20:02.022"/>
</kw>
<kw name="Input Information">
<arg>Peter</arg>
<arg>Parker</arg>
<arg>123</arg>
<arg>01012000</arg>
<arg>spider-man</arg>
<arg>Newyork</arg>
<arg>spider-email@email.com</arg>
<arg>amazing-spider-man#1</arg>
<kw name="Input Text" library="Selenium2Library">
<arg>identifier=name</arg>
<arg>${name}</arg>
<doc>Types the given ``text`` into the text field identified by ``locator``.</doc>
<msg timestamp="20211124 12:20:02.023" level="INFO">Typing text 'Peter' into text field 'identifier=name'.</msg>
<status status="PASS" starttime="20211124 12:20:02.023" endtime="20211124 12:20:03.308"/>
</kw>
<kw name="Input Text" library="Selenium2Library">
<arg>identifier=surname</arg>
<arg>${surname}</arg>
<doc>Types the given ``text`` into the text field identified by ``locator``.</doc>
<msg timestamp="20211124 12:20:03.309" level="INFO">Typing text 'Parker' into text field 'identifier=surname'.</msg>
<status status="PASS" starttime="20211124 12:20:03.309" endtime="20211124 12:20:04.579"/>
</kw>
<kw name="Input Text" library="Selenium2Library">
<arg>identifier=citizen_id</arg>
<arg>${id}</arg>
<doc>Types the given ``text`` into the text field identified by ``locator``.</doc>
<msg timestamp="20211124 12:20:04.580" level="INFO">Typing text '123' into text field 'identifier=citizen_id'.</msg>
<status status="PASS" starttime="20211124 12:20:04.579" endtime="20211124 12:20:05.850"/>
</kw>
<kw name="Input Text" library="Selenium2Library">
<arg>identifier=date</arg>
<arg>${date}</arg>
<doc>Types the given ``text`` into the text field identified by ``locator``.</doc>
<msg timestamp="20211124 12:20:05.850" level="INFO">Typing text '01012000' into text field 'identifier=date'.</msg>
<status status="PASS" starttime="20211124 12:20:05.850" endtime="20211124 12:20:07.120"/>
</kw>
<kw name="Input Text" library="Selenium2Library">
<arg>identifier=occupation</arg>
<arg>${occ}</arg>
<doc>Types the given ``text`` into the text field identified by ``locator``.</doc>
<msg timestamp="20211124 12:20:07.120" level="INFO">Typing text 'spider-man' into text field 'identifier=occupation'.</msg>
<status status="PASS" starttime="20211124 12:20:07.120" endtime="20211124 12:20:08.391"/>
</kw>
<kw name="Input Text" library="Selenium2Library">
<arg>identifier=address</arg>
<arg>${addr}</arg>
<doc>Types the given ``text`` into the text field identified by ``locator``.</doc>
<msg timestamp="20211124 12:20:08.391" level="INFO">Typing text 'Newyork' into text field 'identifier=address'.</msg>
<status status="PASS" starttime="20211124 12:20:08.391" endtime="20211124 12:20:09.660"/>
</kw>
<kw name="Input Text" library="Selenium2Library">
<arg>identifier=email</arg>
<arg>${email}</arg>
<doc>Types the given ``text`` into the text field identified by ``locator``.</doc>
<msg timestamp="20211124 12:20:09.661" level="INFO">Typing text 'spider-email@email.com' into text field 'identifier=email'.</msg>
<status status="PASS" starttime="20211124 12:20:09.660" endtime="20211124 12:20:10.942"/>
</kw>
<kw name="Input Password" library="Selenium2Library">
<arg>identifier=password</arg>
<arg>${password}</arg>
<doc>Types the given password into the text field identified by ``locator``.</doc>
<msg timestamp="20211124 12:20:10.943" level="INFO">Typing password into text field 'identifier=password'.</msg>
<msg timestamp="20211124 12:20:11.886" level="INFO">Temporally setting log level to: NONE</msg>
<msg timestamp="20211124 12:20:12.226" level="INFO">Log level changed from NONE to INFO.</msg>
<status status="PASS" starttime="20211124 12:20:10.942" endtime="20211124 12:20:12.226"/>
</kw>
<status status="PASS" starttime="20211124 12:20:02.023" endtime="20211124 12:20:12.227"/>
</kw>
<kw name="Close All Browsers" library="Selenium2Library" type="TEARDOWN">
<doc>Closes all open browsers and resets the browser cache.</doc>
<status status="PASS" starttime="20211124 12:20:12.227" endtime="20211124 12:20:16.897"/>
</kw>
<status status="PASS" starttime="20211124 12:19:58.773" endtime="20211124 12:20:16.898"/>
</test>
<kw name="Log To Console" library="BuiltIn" type="TEARDOWN">
<arg>Goodbye!!!</arg>
<doc>Logs the given message to the console.</doc>
<status status="PASS" starttime="20211124 12:20:16.898" endtime="20211124 12:20:16.899"/>
</kw>
<status status="PASS" starttime="20211124 12:19:48.978" endtime="20211124 12:20:16.899"/>
</suite>
<statistics>
<total>
<stat pass="2" fail="0" skip="0">All Tests</stat>
</total>
<tag>
</tag>
<suite>
<stat pass="2" fail="0" skip="0" id="s1" name="Registration Test">Registration Test</stat>
</suite>
</statistics>
<errors>
</errors>
</robot>
