<?xml version="1.0" encoding="UTF-8"?>
<robot generator="Robot 4.1.2 (Python 3.9.7 on win32)" generated="20211128 16:59:41.484" rpa="false" schemaversion="2">
<suite id="s1" name="Registration Test" source="C:\Users\FUKFIX\Documents\SV&amp;V\vaccine-web-tests\test\registration_test.robot">
<kw name="Log To Console" library="BuiltIn" type="SETUP">
<arg>Hello World</arg>
<doc>Logs the given message to the console.</doc>
<status status="PASS" starttime="20211128 16:59:41.661" endtime="20211128 16:59:41.661"/>
</kw>
<test id="s1-t1" name="Try to open signup page">
<kw name="Run Keywords" library="BuiltIn" type="SETUP">
<arg>Open Browser</arg>
<arg>${BASE_URL}</arg>
<arg>${BROWSER}</arg>
<arg>AND</arg>
<arg>Log to console</arg>
<arg>${MESSAGE}</arg>
<doc>Executes all the given keywords in a sequence.</doc>
<kw name="Open Browser" library="Selenium2Library">
<arg>${BASE_URL}</arg>
<arg>${BROWSER}</arg>
<doc>Opens a new browser instance to the optional ``url``.</doc>
<msg timestamp="20211128 16:59:41.663" level="INFO">Opening browser 'gc' to base url 'https://vaccine-haven.herokuapp.com/'.</msg>
<status status="PASS" starttime="20211128 16:59:41.663" endtime="20211128 16:59:55.809"/>
</kw>
<kw name="Log To Console" library="BuiltIn">
<arg>${MESSAGE}</arg>
<doc>Logs the given message to the console.</doc>
<status status="PASS" starttime="20211128 16:59:55.810" endtime="20211128 16:59:55.810"/>
</kw>
<status status="PASS" starttime="20211128 16:59:41.662" endtime="20211128 16:59:55.810"/>
</kw>
<kw name="Go to">
<arg>${SIGNUP_URL}</arg>
<kw name="Open Browser" library="Selenium2Library">
<arg>${wanted_url}</arg>
<arg>${BROWSER}</arg>
<doc>Opens a new browser instance to the optional ``url``.</doc>
<msg timestamp="20211128 16:59:55.812" level="INFO">Opening browser 'gc' to base url 'https://vaccine-haven.herokuapp.com/registration'.</msg>
<status status="PASS" starttime="20211128 16:59:55.811" endtime="20211128 17:00:01.239"/>
</kw>
<kw name="Set Selenium Speed" library="Selenium2Library">
<arg>0.1</arg>
<doc>Sets the delay that is waited after each Selenium command.</doc>
<status status="PASS" starttime="20211128 17:00:01.239" endtime="20211128 17:00:01.240"/>
</kw>
<status status="PASS" starttime="20211128 16:59:55.811" endtime="20211128 17:00:01.240"/>
</kw>
<kw name="Page Should Be Open">
<arg>${SIGNUP_URL}</arg>
<kw name="Location Should Be" library="Selenium2Library">
<arg>${wanted_url}</arg>
<doc>Verifies that the current URL is exactly ``url``.</doc>
<msg timestamp="20211128 17:00:01.356" level="INFO">Current location is 'https://vaccine-haven.herokuapp.com/registration'.</msg>
<status status="PASS" starttime="20211128 17:00:01.240" endtime="20211128 17:00:01.356"/>
</kw>
<status status="PASS" starttime="20211128 17:00:01.240" endtime="20211128 17:00:01.357"/>
</kw>
<kw name="Close All Browsers" library="Selenium2Library" type="TEARDOWN">
<doc>Closes all open browsers and resets the browser cache.</doc>
<status status="PASS" starttime="20211128 17:00:01.357" endtime="20211128 17:00:05.832"/>
</kw>
<status status="PASS" starttime="20211128 16:59:41.662" endtime="20211128 17:00:05.833"/>
</test>
<test id="s1-t2" name="Input Reservation Information">
<kw name="Run Keywords" library="BuiltIn" type="SETUP">
<arg>Open Browser</arg>
<arg>${BASE_URL}</arg>
<arg>${BROWSER}</arg>
<arg>AND</arg>
<arg>Log to console</arg>
<arg>${MESSAGE}</arg>
<doc>Executes all the given keywords in a sequence.</doc>
<kw name="Open Browser" library="Selenium2Library">
<arg>${BASE_URL}</arg>
<arg>${BROWSER}</arg>
<doc>Opens a new browser instance to the optional ``url``.</doc>
<msg timestamp="20211128 17:00:05.835" level="INFO">Opening browser 'gc' to base url 'https://vaccine-haven.herokuapp.com/'.</msg>
<status status="PASS" starttime="20211128 17:00:05.834" endtime="20211128 17:00:20.557"/>
</kw>
<kw name="Log To Console" library="BuiltIn">
<arg>${MESSAGE}</arg>
<doc>Logs the given message to the console.</doc>
<status status="PASS" starttime="20211128 17:00:20.557" endtime="20211128 17:00:20.558"/>
</kw>
<status status="PASS" starttime="20211128 17:00:05.834" endtime="20211128 17:00:20.558"/>
</kw>
<kw name="Go to">
<arg>${RESERV_URL}</arg>
<kw name="Open Browser" library="Selenium2Library">
<arg>${wanted_url}</arg>
<arg>${BROWSER}</arg>
<doc>Opens a new browser instance to the optional ``url``.</doc>
<msg timestamp="20211128 17:00:20.559" level="INFO">Opening browser 'gc' to base url 'https://vaccine-haven.herokuapp.com/reservation'.</msg>
<status status="PASS" starttime="20211128 17:00:20.559" endtime="20211128 17:00:26.026"/>
</kw>
<kw name="Set Selenium Speed" library="Selenium2Library">
<arg>0.1</arg>
<doc>Sets the delay that is waited after each Selenium command.</doc>
<status status="PASS" starttime="20211128 17:00:26.026" endtime="20211128 17:00:26.026"/>
</kw>
<status status="PASS" starttime="20211128 17:00:20.559" endtime="20211128 17:00:26.026"/>
</kw>
<kw name="Input Information">
<arg>citizen_id</arg>
<arg>5049044113691</arg>
<kw name="Input Text" library="Selenium2Library">
<arg>identifier=${name}</arg>
<arg>${text}</arg>
<doc>Types the given ``text`` into the text field identified by ``locator``.</doc>
<msg timestamp="20211128 17:00:26.028" level="INFO">Typing text '5049044113691' into text field 'identifier=citizen_id'.</msg>
<status status="PASS" starttime="20211128 17:00:26.027" endtime="20211128 17:00:26.553"/>
</kw>
<status status="PASS" starttime="20211128 17:00:26.027" endtime="20211128 17:00:26.553"/>
</kw>
<kw name="Select From List By Value" library="Selenium2Library">
<arg>identifier=site_name</arg>
<arg>${SITE_NAME}</arg>
<doc>Selects options from selection list ``locator`` by ``values``.</doc>
<msg timestamp="20211128 17:00:26.554" level="INFO">Selecting options from selection list 'identifier=site_name' by value OGYHSite.</msg>
<status status="PASS" starttime="20211128 17:00:26.553" endtime="20211128 17:00:27.559"/>
</kw>
<kw name="Select From List By Value" library="Selenium2Library">
<arg>identifier=vaccine_name</arg>
<arg>Pfizer</arg>
<doc>Selects options from selection list ``locator`` by ``values``.</doc>
<msg timestamp="20211128 17:00:27.560" level="INFO">Selecting options from selection list 'identifier=vaccine_name' by value Pfizer.</msg>
<status status="PASS" starttime="20211128 17:00:27.559" endtime="20211128 17:00:28.551"/>
</kw>
<kw name="Select From List By Value" library="Selenium2Library">
<arg>identifier=vaccine_name</arg>
<arg>Astra</arg>
<doc>Selects options from selection list ``locator`` by ``values``.</doc>
<msg timestamp="20211128 17:00:28.552" level="INFO">Selecting options from selection list 'identifier=vaccine_name' by value Astra.</msg>
<status status="PASS" starttime="20211128 17:00:28.551" endtime="20211128 17:00:29.542"/>
</kw>
<kw name="Close All Browsers" library="Selenium2Library" type="TEARDOWN">
<doc>Closes all open browsers and resets the browser cache.</doc>
<status status="PASS" starttime="20211128 17:00:29.543" endtime="20211128 17:00:33.831"/>
</kw>
<status status="PASS" starttime="20211128 17:00:05.834" endtime="20211128 17:00:33.831"/>
</test>
<kw name="Log To Console" library="BuiltIn" type="TEARDOWN">
<arg>Goodbye!!!</arg>
<doc>Logs the given message to the console.</doc>
<status status="PASS" starttime="20211128 17:00:33.832" endtime="20211128 17:00:33.833"/>
</kw>
<status status="PASS" starttime="20211128 16:59:41.485" endtime="20211128 17:00:33.833"/>
</suite>
<statistics>
<total>
<stat pass="2" fail="0" skip="0">All Tests</stat>
</total>
<tag>
</tag>
<suite>
<stat pass="2" fail="0" skip="0" id="s1" name="Registration Test">Registration Test</stat>
</suite>
</statistics>
<errors>
</errors>
</robot>
