<?xml version="1.0" encoding="UTF-8"?>
<robot generator="Robot 4.1.2 (Python 3.9.7 on win32)" generated="20211128 23:45:29.824" rpa="false" schemaversion="2">
<suite id="s1" name="Registration Test" source="C:\Users\FUKFIX\Documents\SV&amp;V\vaccine-web-tests\test\registration_test.robot">
<kw name="Log To Console" library="BuiltIn" type="SETUP">
<arg>Hello World</arg>
<doc>Logs the given message to the console.</doc>
<status status="PASS" starttime="20211128 23:45:29.988" endtime="20211128 23:45:29.988"/>
</kw>
<test id="s1-t1" name="Try to open reservation page">
<kw name="Run Keywords" library="BuiltIn" type="SETUP">
<arg>Open Browser</arg>
<arg>${MAIN_URL}</arg>
<arg>${BROWSER}</arg>
<arg>AND</arg>
<arg>Log to console</arg>
<arg>${MESSAGE}</arg>
<doc>Executes all the given keywords in a sequence.</doc>
<kw name="Open Browser" library="Selenium2Library">
<arg>${MAIN_URL}</arg>
<arg>${BROWSER}</arg>
<doc>Opens a new browser instance to the optional ``url``.</doc>
<msg timestamp="20211128 23:45:29.990" level="INFO">Opening browser 'gc' to base url 'https://vaccine-haven.herokuapp.com/'.</msg>
<status status="PASS" starttime="20211128 23:45:29.989" endtime="20211128 23:45:44.083"/>
</kw>
<kw name="Log To Console" library="BuiltIn">
<arg>${MESSAGE}</arg>
<doc>Logs the given message to the console.</doc>
<status status="PASS" starttime="20211128 23:45:44.083" endtime="20211128 23:45:44.084"/>
</kw>
<status status="PASS" starttime="20211128 23:45:29.989" endtime="20211128 23:45:44.084"/>
</kw>
<kw name="Go to">
<arg>${RESERV_URL}</arg>
<kw name="Open Browser" library="Selenium2Library">
<arg>${wanted_url}</arg>
<arg>${BROWSER}</arg>
<doc>Opens a new browser instance to the optional ``url``.</doc>
<msg timestamp="20211128 23:45:44.085" level="INFO">Opening browser 'gc' to base url 'https://vaccine-haven.herokuapp.com/reservation'.</msg>
<status status="PASS" starttime="20211128 23:45:44.085" endtime="20211128 23:45:49.445"/>
</kw>
<kw name="Set Selenium Speed" library="Selenium2Library">
<arg>0.1</arg>
<doc>Sets the delay that is waited after each Selenium command.</doc>
<status status="PASS" starttime="20211128 23:45:49.445" endtime="20211128 23:45:49.445"/>
</kw>
<status status="PASS" starttime="20211128 23:45:44.084" endtime="20211128 23:45:49.445"/>
</kw>
<kw name="Page Should Be">
<arg>${RESERV_URL}</arg>
<kw name="Location Should Be" library="Selenium2Library">
<arg>${wanted_url}</arg>
<doc>Verifies that the current URL is exactly ``url``.</doc>
<msg timestamp="20211128 23:45:49.558" level="INFO">Current location is 'https://vaccine-haven.herokuapp.com/reservation'.</msg>
<status status="PASS" starttime="20211128 23:45:49.446" endtime="20211128 23:45:49.558"/>
</kw>
<status status="PASS" starttime="20211128 23:45:49.445" endtime="20211128 23:45:49.558"/>
</kw>
<kw name="Close All Browsers" library="Selenium2Library" type="TEARDOWN">
<doc>Closes all open browsers and resets the browser cache.</doc>
<status status="PASS" starttime="20211128 23:45:49.559" endtime="20211128 23:45:53.939"/>
</kw>
<status status="PASS" starttime="20211128 23:45:29.988" endtime="20211128 23:45:53.939"/>
</test>
<test id="s1-t2" name="Vaccine Reservation">
<kw name="Run Keywords" library="BuiltIn" type="SETUP">
<arg>Open Browser</arg>
<arg>${MAIN_URL}</arg>
<arg>${BROWSER}</arg>
<arg>AND</arg>
<arg>Log to console</arg>
<arg>${MESSAGE}</arg>
<doc>Executes all the given keywords in a sequence.</doc>
<kw name="Open Browser" library="Selenium2Library">
<arg>${MAIN_URL}</arg>
<arg>${BROWSER}</arg>
<doc>Opens a new browser instance to the optional ``url``.</doc>
<msg timestamp="20211128 23:45:53.941" level="INFO">Opening browser 'gc' to base url 'https://vaccine-haven.herokuapp.com/'.</msg>
<status status="PASS" starttime="20211128 23:45:53.940" endtime="20211128 23:46:07.997"/>
</kw>
<kw name="Log To Console" library="BuiltIn">
<arg>${MESSAGE}</arg>
<doc>Logs the given message to the console.</doc>
<status status="PASS" starttime="20211128 23:46:07.997" endtime="20211128 23:46:07.997"/>
</kw>
<status status="PASS" starttime="20211128 23:45:53.940" endtime="20211128 23:46:07.997"/>
</kw>
<kw name="Go to">
<arg>${RESERV_URL}</arg>
<kw name="Open Browser" library="Selenium2Library">
<arg>${wanted_url}</arg>
<arg>${BROWSER}</arg>
<doc>Opens a new browser instance to the optional ``url``.</doc>
<msg timestamp="20211128 23:46:07.998" level="INFO">Opening browser 'gc' to base url 'https://vaccine-haven.herokuapp.com/reservation'.</msg>
<status status="PASS" starttime="20211128 23:46:07.998" endtime="20211128 23:46:13.539"/>
</kw>
<kw name="Set Selenium Speed" library="Selenium2Library">
<arg>0.1</arg>
<doc>Sets the delay that is waited after each Selenium command.</doc>
<status status="PASS" starttime="20211128 23:46:13.539" endtime="20211128 23:46:13.539"/>
</kw>
<status status="PASS" starttime="20211128 23:46:07.998" endtime="20211128 23:46:13.539"/>
</kw>
<kw name="Input Information">
<arg>citizen_id</arg>
<arg>${CITIZEN_ID}</arg>
<kw name="Input Text" library="Selenium2Library">
<arg>identifier=${name}</arg>
<arg>${text}</arg>
<doc>Types the given ``text`` into the text field identified by ``locator``.</doc>
<msg timestamp="20211128 23:46:13.541" level="INFO">Typing text '9621054668494' into text field 'identifier=citizen_id'.</msg>
<status status="PASS" starttime="20211128 23:46:13.540" endtime="20211128 23:46:14.065"/>
</kw>
<status status="PASS" starttime="20211128 23:46:13.540" endtime="20211128 23:46:14.066"/>
</kw>
<kw name="Select From List By Value" library="Selenium2Library">
<arg>identifier=site_name</arg>
<arg>${SITE_NAME}</arg>
<doc>Selects options from selection list ``locator`` by ``values``.</doc>
<msg timestamp="20211128 23:46:14.066" level="INFO">Selecting options from selection list 'identifier=site_name' by value OGYHSite.</msg>
<status status="PASS" starttime="20211128 23:46:14.066" endtime="20211128 23:46:15.058"/>
</kw>
<kw name="Select From List By Value" library="Selenium2Library">
<arg>identifier=vaccine_name</arg>
<arg>Astra</arg>
<doc>Selects options from selection list ``locator`` by ``values``.</doc>
<msg timestamp="20211128 23:46:15.059" level="INFO">Selecting options from selection list 'identifier=vaccine_name' by value Astra.</msg>
<status status="PASS" starttime="20211128 23:46:15.058" endtime="20211128 23:46:16.065"/>
</kw>
<kw name="Select From List By Value" library="Selenium2Library">
<arg>identifier=vaccine_name</arg>
<arg>Sinopharm</arg>
<doc>Selects options from selection list ``locator`` by ``values``.</doc>
<msg timestamp="20211128 23:46:16.066" level="INFO">Selecting options from selection list 'identifier=vaccine_name' by value Sinopharm.</msg>
<status status="PASS" starttime="20211128 23:46:16.066" endtime="20211128 23:46:17.056"/>
</kw>
<kw name="Select From List By Value" library="Selenium2Library">
<arg>identifier=vaccine_name</arg>
<arg>Sinovac</arg>
<doc>Selects options from selection list ``locator`` by ``values``.</doc>
<msg timestamp="20211128 23:46:17.057" level="INFO">Selecting options from selection list 'identifier=vaccine_name' by value Sinovac.</msg>
<status status="PASS" starttime="20211128 23:46:17.057" endtime="20211128 23:46:18.046"/>
</kw>
<kw name="Select From List By Value" library="Selenium2Library">
<arg>identifier=vaccine_name</arg>
<arg>Pfizer</arg>
<doc>Selects options from selection list ``locator`` by ``values``.</doc>
<msg timestamp="20211128 23:46:18.046" level="INFO">Selecting options from selection list 'identifier=vaccine_name' by value Pfizer.</msg>
<status status="PASS" starttime="20211128 23:46:18.046" endtime="20211128 23:46:19.035"/>
</kw>
<kw name="Click Button" library="Selenium2Library">
<arg>identifier=reserve__btn</arg>
<doc>Clicks the button identified by ``locator``.</doc>
<msg timestamp="20211128 23:46:19.036" level="INFO">Clicking button 'identifier=reserve__btn'.</msg>
<status status="PASS" starttime="20211128 23:46:19.036" endtime="20211128 23:46:19.824"/>
</kw>
<kw name="Page Should Be">
<arg>${MAIN_URL}</arg>
<kw name="Location Should Be" library="Selenium2Library">
<arg>${wanted_url}</arg>
<doc>Verifies that the current URL is exactly ``url``.</doc>
<kw name="Capture Page Screenshot" library="Selenium2Library">
<doc>Takes a screenshot of the current page and embeds it into a log file.</doc>
<msg timestamp="20211128 23:46:20.134" level="INFO" html="true">&lt;/td&gt;&lt;/tr&gt;&lt;tr&gt;&lt;td colspan="3"&gt;&lt;a href="selenium-screenshot-14.png"&gt;&lt;img src="selenium-screenshot-14.png" width="800px"&gt;&lt;/a&gt;</msg>
<status status="PASS" starttime="20211128 23:46:19.932" endtime="20211128 23:46:20.134"/>
</kw>
<msg timestamp="20211128 23:46:20.136" level="FAIL">Location should have been 'https://vaccine-haven.herokuapp.com/' but was 'https://vaccine-haven.herokuapp.com/reservation'.</msg>
<status status="FAIL" starttime="20211128 23:46:19.824" endtime="20211128 23:46:20.136"/>
</kw>
<status status="FAIL" starttime="20211128 23:46:19.824" endtime="20211128 23:46:20.136"/>
</kw>
<kw name="Close All Browsers" library="Selenium2Library" type="TEARDOWN">
<doc>Closes all open browsers and resets the browser cache.</doc>
<status status="PASS" starttime="20211128 23:46:20.137" endtime="20211128 23:46:24.430"/>
</kw>
<status status="FAIL" starttime="20211128 23:45:53.940" endtime="20211128 23:46:24.430">Location should have been 'https://vaccine-haven.herokuapp.com/' but was 'https://vaccine-haven.herokuapp.com/reservation'.</status>
</test>
<test id="s1-t3" name="Cancel reservation">
<kw name="Run Keywords" library="BuiltIn" type="SETUP">
<arg>Open Browser</arg>
<arg>${MAIN_URL}</arg>
<arg>${BROWSER}</arg>
<arg>AND</arg>
<arg>Log to console</arg>
<arg>${MESSAGE}</arg>
<doc>Executes all the given keywords in a sequence.</doc>
<kw name="Open Browser" library="Selenium2Library">
<arg>${MAIN_URL}</arg>
<arg>${BROWSER}</arg>
<doc>Opens a new browser instance to the optional ``url``.</doc>
<msg timestamp="20211128 23:46:24.432" level="INFO">Opening browser 'gc' to base url 'https://vaccine-haven.herokuapp.com/'.</msg>
<status status="PASS" starttime="20211128 23:46:24.431" endtime="20211128 23:46:38.472"/>
</kw>
<kw name="Log To Console" library="BuiltIn">
<arg>${MESSAGE}</arg>
<doc>Logs the given message to the console.</doc>
<status status="PASS" starttime="20211128 23:46:38.472" endtime="20211128 23:46:38.472"/>
</kw>
<status status="PASS" starttime="20211128 23:46:24.431" endtime="20211128 23:46:38.472"/>
</kw>
<kw name="Go to">
<arg>${INFO_URL}</arg>
<kw name="Open Browser" library="Selenium2Library">
<arg>${wanted_url}</arg>
<arg>${BROWSER}</arg>
<doc>Opens a new browser instance to the optional ``url``.</doc>
<msg timestamp="20211128 23:46:38.473" level="INFO">Opening browser 'gc' to base url 'https://vaccine-haven.herokuapp.com/info'.</msg>
<status status="PASS" starttime="20211128 23:46:38.473" endtime="20211128 23:46:43.924"/>
</kw>
<kw name="Set Selenium Speed" library="Selenium2Library">
<arg>0.1</arg>
<doc>Sets the delay that is waited after each Selenium command.</doc>
<status status="PASS" starttime="20211128 23:46:43.924" endtime="20211128 23:46:43.924"/>
</kw>
<status status="PASS" starttime="20211128 23:46:38.473" endtime="20211128 23:46:43.924"/>
</kw>
<kw name="Input Information">
<arg>citizen_id</arg>
<arg>${CITIZEN_ID}</arg>
<kw name="Input Text" library="Selenium2Library">
<arg>identifier=${name}</arg>
<arg>${text}</arg>
<doc>Types the given ``text`` into the text field identified by ``locator``.</doc>
<msg timestamp="20211128 23:46:43.925" level="INFO">Typing text '9621054668494' into text field 'identifier=citizen_id'.</msg>
<status status="PASS" starttime="20211128 23:46:43.925" endtime="20211128 23:46:44.449"/>
</kw>
<status status="PASS" starttime="20211128 23:46:43.925" endtime="20211128 23:46:44.450"/>
</kw>
<kw name="Click Button" library="Selenium2Library">
<arg>identifier=info__btn</arg>
<doc>Clicks the button identified by ``locator``.</doc>
<msg timestamp="20211128 23:46:44.450" level="INFO">Clicking button 'identifier=info__btn'.</msg>
<status status="PASS" starttime="20211128 23:46:44.450" endtime="20211128 23:46:45.239"/>
</kw>
<kw name="Wait Until Page Contains Element" library="Selenium2Library">
<arg>identifier=cancel__btn</arg>
<doc>Waits until the element ``locator`` appears on the current page.</doc>
<status status="PASS" starttime="20211128 23:46:45.239" endtime="20211128 23:46:47.129"/>
</kw>
<kw name="Click Button" library="Selenium2Library">
<arg>identifier=cancel__btn</arg>
<doc>Clicks the button identified by ``locator``.</doc>
<msg timestamp="20211128 23:46:47.130" level="INFO">Clicking button 'identifier=cancel__btn'.</msg>
<status status="PASS" starttime="20211128 23:46:47.130" endtime="20211128 23:46:47.902"/>
</kw>
<kw name="Close All Browsers" library="Selenium2Library" type="TEARDOWN">
<doc>Closes all open browsers and resets the browser cache.</doc>
<status status="PASS" starttime="20211128 23:46:47.903" endtime="20211128 23:46:52.197"/>
</kw>
<status status="PASS" starttime="20211128 23:46:24.431" endtime="20211128 23:46:52.197"/>
</test>
<kw name="Log To Console" library="BuiltIn" type="TEARDOWN">
<arg>Goodbye!!!</arg>
<doc>Logs the given message to the console.</doc>
<status status="PASS" starttime="20211128 23:46:52.198" endtime="20211128 23:46:52.198"/>
</kw>
<status status="FAIL" starttime="20211128 23:45:29.826" endtime="20211128 23:46:52.198"/>
</suite>
<statistics>
<total>
<stat pass="2" fail="1" skip="0">All Tests</stat>
</total>
<tag>
</tag>
<suite>
<stat pass="2" fail="1" skip="0" id="s1" name="Registration Test">Registration Test</stat>
</suite>
</statistics>
<errors>
</errors>
</robot>
